Streaming transaction logs mentioning FHiSSmRJQdUmp6Z7uZjj2U99BLS8yreeTLUd6xc9ReCD. Confirmed commitment
Transaction executed in slot 4:
  Signature: 5NbmyQ8jScc53pFoyjB87gzGSeop6r3WWnuxuvXjtt9HmvbKqTMaUCwGL9fPk76xeHThAKRdJkSyCeMyyf4cUJDZ
  Status: Ok
  Log Messages:
    Program FHiSSmRJQdUmp6Z7uZjj2U99BLS8yreeTLUd6xc9ReCD invoke [1]
    Program log: Instruction: Initialize
    Program 11111111111111111111111111111111 invoke [2]
    Program 11111111111111111111111111111111 success
    Program FHiSSmRJQdUmp6Z7uZjj2U99BLS8yreeTLUd6xc9ReCD consumed 9000 of 200000 compute units
    Program FHiSSmRJQdUmp6Z7uZjj2U99BLS8yreeTLUd6xc9ReCD success
Transaction executed in slot 5:
  Signature: 3Hv9ALRPZMJwmu3kZqxNv1booMAwvxQ3P8vVHZc8TLwaG1Ru7HvjMFeQwPppk6bBKBvn1SWJ2J8zW4g3gdPPXpPX
  Status: Ok
  Log Messages:
    Program FHiSSmRJQdUmp6Z7uZjj2U99BLS8yreeTLUd6xc9ReCD invoke [1]
    Program log: Instruction: Deposit
    Program 11111111111111111111111111111111 invoke [2]
    Program 11111111111111111111111111111111 success
    Program FHiSSmRJQdUmp6Z7uZjj2U99BLS8yreeTLUd6xc9ReCD consumed 6900 of 200000 compute units
    Program FHiSSmRJQdUmp6Z7uZjj2U99BLS8yreeTLUd6xc9ReCD success
Transaction executed in slot 6:
  Signature: 45YZpig72RM3ZFSwzcGVBbqFiANaXH8aGQBraH9yMLLTr7ev2KEh3NWqiLEYH3vxKnjSQ5YATPgQqnQNeuEqmd34
  Status: Ok
  Log Messages:
    Program FHiSSmRJQdUmp6Z7uZjj2U99BLS8yreeTLUd6xc9ReCD invoke [1]
    Program log: Instruction: Deposit
    Program 11111111111111111111111111111111 invoke [2]
    Program 11111111111111111111111111111111 success
    Program FHiSSmRJQdUmp6Z7uZjj2U99BLS8yreeTLUd6xc9ReCD consumed 6900 of 200000 compute units
    Program FHiSSmRJQdUmp6Z7uZjj2U99BLS8yreeTLUd6xc9ReCD success
